# JRE version: OpenJDK Runtime Environment (8.0_242-b01) (build 1.8.0_242-release-1644-b01)
# Java VM: OpenJDK 64-Bit Server VM (25.242-b01 mixed mode windows-amd64 compressed oops)
Heap:
 PSYoungGen      total 118272K, used 18151K [0x00000000d5580000, 0x00000000dfe00000, 0x0000000100000000)
  eden space 105984K, 17% used [0x00000000d5580000,0x00000000d6739f38,0x00000000dbd00000)
  from space 12288K, 0% used [0x00000000dbd00000,0x00000000dbd00000,0x00000000dc900000)
  to   space 12288K, 0% used [0x00000000df200000,0x00000000df200000,0x00000000dfe00000)
 ParOldGen       total 83968K, used 15694K [0x0000000080000000, 0x0000000085200000, 0x00000000d5580000)
  object space 83968K, 18% used [0x0000000080000000,0x0000000080f53ad8,0x0000000085200000)
 Metaspace       used 35163K, capacity 36250K, committed 36392K, reserved 1081344K
  class space    used 4835K, capacity 5112K, committed 5168K, reserved 1048576K
GC Heap History (10 events):
Event: 3.994 GC heap before
{Heap before GC invocations=7 (full 1):
 PSYoungGen      total 75776K, used 8580K [0x00000000d5580000, 0x00000000dac80000, 0x0000000100000000)
  eden space 65536K, 0% used [0x00000000d5580000,0x00000000d5580000,0x00000000d9580000)
  from space 10240K, 83% used [0x00000000da080000,0x00000000da8e1288,0x00000000daa80000)
  to   space 11264K, 0% used [0x00000000d9580000,0x00000000d9580000,0x00000000da080000)
 ParOldGen       total 87552K, used 7349K [0x0000000080000000, 0x0000000085580000, 0x00000000d5580000)
  object space 87552K, 8% used [0x0000000080000000,0x000000008072d5a0,0x0000000085580000)
 Metaspace       used 20649K, capacity 21256K, committed 21296K, reserved 1067008K
  class space    used 2895K, capacity 3116K, committed 3120K, reserved 1048576K
Event: 4.023 GC heap after
Heap after GC invocations=7 (full 1):
 PSYoungGen      total 75776K, used 0K [0x00000000d5580000, 0x00000000dac80000, 0x0000000100000000)
  eden space 65536K, 0% used [0x00000000d5580000,0x00000000d5580000,0x00000000d9580000)
  from space 10240K, 0% used [0x00000000da080000,0x00000000da080000,0x00000000daa80000)
  to   space 11264K, 0% used [0x00000000d9580000,0x00000000d9580000,0x00000000da080000)
 ParOldGen       total 58880K, used 9116K [0x0000000080000000, 0x0000000083980000, 0x00000000d5580000)
  object space 58880K, 15% used [0x0000000080000000,0x00000000808e72e8,0x0000000083980000)
 Metaspace       used 20649K, capacity 21256K, committed 21296K, reserved 1067008K
  class space    used 2895K, capacity 3116K, committed 3120K, reserved 1048576K
}
Event: 5.131 GC heap before
{Heap before GC invocations=8 (full 1):
 PSYoungGen      total 75776K, used 65451K [0x00000000d5580000, 0x00000000dac80000, 0x0000000100000000)
  eden space 65536K, 99% used [0x00000000d5580000,0x00000000d956ace8,0x00000000d9580000)
  from space 10240K, 0% used [0x00000000da080000,0x00000000da080000,0x00000000daa80000)
  to   space 11264K, 0% used [0x00000000d9580000,0x00000000d9580000,0x00000000da080000)
 ParOldGen       total 58880K, used 9116K [0x0000000080000000, 0x0000000083980000, 0x00000000d5580000)
  object space 58880K, 15% used [0x0000000080000000,0x00000000808e72e8,0x0000000083980000)
 Metaspace       used 28241K, capacity 28912K, committed 29232K, reserved 1075200K
  class space    used 3894K, capacity 4127K, committed 4144K, reserved 1048576K
Event: 5.142 GC heap after
Heap after GC invocations=8 (full 1):
 PSYoungGen      total 76800K, used 9077K [0x00000000d5580000, 0x00000000dd480000, 0x0000000100000000)
  eden space 65536K, 0% used [0x00000000d5580000,0x00000000d5580000,0x00000000d9580000)
  from space 11264K, 80% used [0x00000000d9580000,0x00000000d9e5d6b8,0x00000000da080000)
  to   space 11776K, 0% used [0x00000000dc900000,0x00000000dc900000,0x00000000dd480000)
 ParOldGen       total 58880K, used 9124K [0x0000000080000000, 0x0000000083980000, 0x00000000d5580000)
  object space 58880K, 15% used [0x0000000080000000,0x00000000808e92e8,0x0000000083980000)
 Metaspace       used 28241K, capacity 28912K, committed 29232K, reserved 1075200K
  class space    used 3894K, capacity 4127K, committed 4144K, reserved 1048576K
}
Event: 5.908 GC heap before
{Heap before GC invocations=9 (full 1):
 PSYoungGen      total 76800K, used 74613K [0x00000000d5580000, 0x00000000dd480000, 0x0000000100000000)
  eden space 65536K, 100% used [0x00000000d5580000,0x00000000d9580000,0x00000000d9580000)
  from space 11264K, 80% used [0x00000000d9580000,0x00000000d9e5d6b8,0x00000000da080000)
  to   space 11776K, 0% used [0x00000000dc900000,0x00000000dc900000,0x00000000dd480000)
 ParOldGen       total 58880K, used 9124K [0x0000000080000000, 0x0000000083980000, 0x00000000d5580000)
  object space 58880K, 15% used [0x0000000080000000,0x00000000808e92e8,0x0000000083980000)
 Metaspace       used 32440K, capacity 33244K, committed 33456K, reserved 1077248K
  class space    used 4436K, capacity 4673K, committed 4784K, reserved 1048576K
Event: 5.931 GC heap after
Heap after GC invocations=9 (full 1):
 PSYoungGen      total 117760K, used 8748K [0x00000000d5580000, 0x00000000dda80000, 0x0000000100000000)
  eden space 105984K, 0% used [0x00000000d5580000,0x00000000d5580000,0x00000000dbd00000)
  from space 11776K, 74% used [0x00000000dc900000,0x00000000dd18b2a0,0x00000000dd480000)
  to   space 12288K, 0% used [0x00000000dbd00000,0x00000000dbd00000,0x00000000dc900000)
 ParOldGen       total 58880K, used 9132K [0x0000000080000000, 0x0000000083980000, 0x00000000d5580000)
  object space 58880K, 15% used [0x0000000080000000,0x00000000808eb2e8,0x0000000083980000)
 Metaspace       used 32440K, capacity 33244K, committed 33456K, reserved 1077248K
  class space    used 4436K, capacity 4673K, committed 4784K, reserved 1048576K
}
Event: 7.897 GC heap before
{Heap before GC invocations=10 (full 1):
 PSYoungGen      total 117760K, used 56116K [0x00000000d5580000, 0x00000000dda80000, 0x0000000100000000)
  eden space 105984K, 44% used [0x00000000d5580000,0x00000000d83c1f50,0x00000000dbd00000)
  from space 11776K, 74% used [0x00000000dc900000,0x00000000dd18b2a0,0x00000000dd480000)
  to   space 12288K, 0% used [0x00000000dbd00000,0x00000000dbd00000,0x00000000dc900000)
 ParOldGen       total 58880K, used 9132K [0x0000000080000000, 0x0000000083980000, 0x00000000d5580000)
  object space 58880K, 15% used [0x0000000080000000,0x00000000808eb2e8,0x0000000083980000)
 Metaspace       used 34601K, capacity 35414K, committed 35496K, reserved 1079296K
  class space    used 4744K, capacity 4972K, committed 5040K, reserved 1048576K
Event: 7.905 GC heap after
Heap after GC invocations=10 (full 1):
 PSYoungGen      total 118272K, used 9072K [0x00000000d5580000, 0x00000000dfe00000, 0x0000000100000000)
  eden space 105984K, 0% used [0x00000000d5580000,0x00000000d5580000,0x00000000dbd00000)
  from space 12288K, 73% used [0x00000000dbd00000,0x00000000dc5dc310,0x00000000dc900000)
  to   space 12288K, 0% used [0x00000000df200000,0x00000000df200000,0x00000000dfe00000)
 ParOldGen       total 58880K, used 9140K [0x0000000080000000, 0x0000000083980000, 0x00000000d5580000)
  object space 58880K, 15% used [0x0000000080000000,0x00000000808ed2e8,0x0000000083980000)
 Metaspace       used 34601K, capacity 35414K, committed 35496K, reserved 1079296K
  class space    used 4744K, capacity 4972K, committed 5040K, reserved 1048576K
}
Event: 7.905 GC heap before
{Heap before GC invocations=11 (full 2):
 PSYoungGen      total 118272K, used 9072K [0x00000000d5580000, 0x00000000dfe00000, 0x0000000100000000)
  eden space 105984K, 0% used [0x00000000d5580000,0x00000000d5580000,0x00000000dbd00000)
  from space 12288K, 73% used [0x00000000dbd00000,0x00000000dc5dc310,0x00000000dc900000)
  to   space 12288K, 0% used [0x00000000df200000,0x00000000df200000,0x00000000dfe00000)
 ParOldGen       total 58880K, used 9140K [0x0000000080000000, 0x0000000083980000, 0x00000000d5580000)
  object space 58880K, 15% used [0x0000000080000000,0x00000000808ed2e8,0x0000000083980000)
 Metaspace       used 34601K, capacity 35414K, committed 35496K, reserved 1079296K
  class space    used 4744K, capacity 4972K, committed 5040K, reserved 1048576K
Event: 7.950 GC heap after
Heap after GC invocations=11 (full 2):
 PSYoungGen      total 118272K, used 0K [0x00000000d5580000, 0x00000000dfe00000, 0x0000000100000000)
  eden space 105984K, 0% used [0x00000000d5580000,0x00000000d5580000,0x00000000dbd00000)
  from space 12288K, 0% used [0x00000000dbd00000,0x00000000dbd00000,0x00000000dc900000)
  to   space 12288K, 0% used [0x00000000df200000,0x00000000df200000,0x00000000dfe00000)
 ParOldGen       total 83968K, used 15694K [0x0000000080000000, 0x0000000085200000, 0x00000000d5580000)
  object space 83968K, 18% used [0x0000000080000000,0x0000000080f53ad8,0x0000000085200000)
 Metaspace       used 34601K, capacity 35414K, committed 35496K, reserved 1079296K
  class space    used 4744K, capacity 4972K, committed 5040K, reserved 1048576K
}

