# JRE version: OpenJDK Runtime Environment (8.0_242-b01) (build 1.8.0_242-release-1644-b01)
# Java VM: OpenJDK 64-Bit Server VM (25.242-b01 mixed mode windows-amd64 compressed oops)
Heap:
 PSYoungGen      total 504832K, used 86415K [0x00000000d5580000, 0x00000000fcc80000, 0x0000000100000000)
  eden space 446464K, 15% used [0x00000000d5580000,0x00000000d97755b0,0x00000000f0980000)
  from space 58368K, 32% used [0x00000000f0980000,0x00000000f1bee820,0x00000000f4280000)
  to   space 55808K, 0% used [0x00000000f9600000,0x00000000f9600000,0x00000000fcc80000)
 ParOldGen       total 177664K, used 111142K [0x0000000080000000, 0x000000008ad80000, 0x00000000d5580000)
  object space 177664K, 62% used [0x0000000080000000,0x0000000086c89800,0x000000008ad80000)
 Metaspace       used 106535K, capacity 112278K, committed 112936K, reserved 1146880K
  class space    used 13747K, capacity 14853K, committed 15152K, reserved 1048576K
GC Heap History (10 events):
Event: 2005.130 GC heap before
{Heap before GC invocations=19 (full 4):
 PSYoungGen      total 312320K, used 18524K [0x00000000d5580000, 0x00000000f1100000, 0x0000000100000000)
  eden space 273920K, 0% used [0x00000000d5580000,0x00000000d5580000,0x00000000e6100000)
  from space 38400K, 48% used [0x00000000e6100000,0x00000000e7317190,0x00000000e8680000)
  to   space 36864K, 0% used [0x00000000eed00000,0x00000000eed00000,0x00000000f1100000)
 ParOldGen       total 138240K, used 62648K [0x0000000080000000, 0x0000000088700000, 0x00000000d5580000)
  object space 138240K, 45% used [0x0000000080000000,0x0000000083d2e340,0x0000000088700000)
 Metaspace       used 92530K, capacity 98508K, committed 98600K, reserved 1134592K
  class space    used 12647K, capacity 13721K, committed 13744K, reserved 1048576K
Event: 2005.395 GC heap after
Heap after GC invocations=19 (full 4):
 PSYoungGen      total 312320K, used 0K [0x00000000d5580000, 0x00000000f1100000, 0x0000000100000000)
  eden space 273920K, 0% used [0x00000000d5580000,0x00000000d5580000,0x00000000e6100000)
  from space 38400K, 0% used [0x00000000e6100000,0x00000000e6100000,0x00000000e8680000)
  to   space 36864K, 0% used [0x00000000eed00000,0x00000000eed00000,0x00000000f1100000)
 ParOldGen       total 177664K, used 52543K [0x0000000080000000, 0x000000008ad80000, 0x00000000d5580000)
  object space 177664K, 29% used [0x0000000080000000,0x000000008334fc88,0x000000008ad80000)
 Metaspace       used 91466K, capacity 95714K, committed 98600K, reserved 1134592K
  class space    used 12284K, capacity 13076K, committed 13744K, reserved 1048576K
}
Event: 2059.193 GC heap before
{Heap before GC invocations=20 (full 4):
 PSYoungGen      total 312320K, used 273920K [0x00000000d5580000, 0x00000000f1100000, 0x0000000100000000)
  eden space 273920K, 100% used [0x00000000d5580000,0x00000000e6100000,0x00000000e6100000)
  from space 38400K, 0% used [0x00000000e6100000,0x00000000e6100000,0x00000000e8680000)
  to   space 36864K, 0% used [0x00000000eed00000,0x00000000eed00000,0x00000000f1100000)
 ParOldGen       total 177664K, used 52543K [0x0000000080000000, 0x000000008ad80000, 0x00000000d5580000)
  object space 177664K, 29% used [0x0000000080000000,0x000000008334fc88,0x000000008ad80000)
 Metaspace       used 99089K, capacity 104104K, committed 105768K, reserved 1140736K
  class space    used 13166K, capacity 14154K, committed 14640K, reserved 1048576K
Event: 2059.208 GC heap after
Heap after GC invocations=20 (full 4):
 PSYoungGen      total 413184K, used 16464K [0x00000000d5580000, 0x00000000f0d00000, 0x0000000100000000)
  eden space 380416K, 0% used [0x00000000d5580000,0x00000000d5580000,0x00000000ec900000)
  from space 32768K, 50% used [0x00000000eed00000,0x00000000efd14028,0x00000000f0d00000)
  to   space 34816K, 0% used [0x00000000ec900000,0x00000000ec900000,0x00000000eeb00000)
 ParOldGen       total 177664K, used 52551K [0x0000000080000000, 0x000000008ad80000, 0x00000000d5580000)
  object space 177664K, 29% used [0x0000000080000000,0x0000000083351c88,0x000000008ad80000)
 Metaspace       used 99089K, capacity 104104K, committed 105768K, reserved 1140736K
  class space    used 13166K, capacity 14154K, committed 14640K, reserved 1048576K
}
Event: 2626.463 GC heap before
{Heap before GC invocations=21 (full 4):
 PSYoungGen      total 413184K, used 396880K [0x00000000d5580000, 0x00000000f0d00000, 0x0000000100000000)
  eden space 380416K, 100% used [0x00000000d5580000,0x00000000ec900000,0x00000000ec900000)
  from space 32768K, 50% used [0x00000000eed00000,0x00000000efd14028,0x00000000f0d00000)
  to   space 34816K, 0% used [0x00000000ec900000,0x00000000ec900000,0x00000000eeb00000)
 ParOldGen       total 177664K, used 52551K [0x0000000080000000, 0x000000008ad80000, 0x00000000d5580000)
  object space 177664K, 29% used [0x0000000080000000,0x0000000083351c88,0x000000008ad80000)
 Metaspace       used 102564K, capacity 107880K, committed 109224K, reserved 1142784K
  class space    used 13492K, capacity 14556K, committed 15024K, reserved 1048576K
Event: 2626.609 GC heap after
Heap after GC invocations=21 (full 4):
 PSYoungGen      total 415232K, used 23596K [0x00000000d5580000, 0x00000000f6580000, 0x0000000100000000)
  eden space 380416K, 0% used [0x00000000d5580000,0x00000000d5580000,0x00000000ec900000)
  from space 34816K, 67% used [0x00000000ec900000,0x00000000ee00b358,0x00000000eeb00000)
  to   space 35840K, 0% used [0x00000000f4280000,0x00000000f4280000,0x00000000f6580000)
 ParOldGen       total 177664K, used 52559K [0x0000000080000000, 0x000000008ad80000, 0x00000000d5580000)
  object space 177664K, 29% used [0x0000000080000000,0x0000000083353c88,0x000000008ad80000)
 Metaspace       used 102564K, capacity 107880K, committed 109224K, reserved 1142784K
  class space    used 13492K, capacity 14556K, committed 15024K, reserved 1048576K
}
Event: 2637.610 GC heap before
{Heap before GC invocations=22 (full 4):
 PSYoungGen      total 415232K, used 404012K [0x00000000d5580000, 0x00000000f6580000, 0x0000000100000000)
  eden space 380416K, 100% used [0x00000000d5580000,0x00000000ec900000,0x00000000ec900000)
  from space 34816K, 67% used [0x00000000ec900000,0x00000000ee00b358,0x00000000eeb00000)
  to   space 35840K, 0% used [0x00000000f4280000,0x00000000f4280000,0x00000000f6580000)
 ParOldGen       total 177664K, used 52559K [0x0000000080000000, 0x000000008ad80000, 0x00000000d5580000)
  object space 177664K, 29% used [0x0000000080000000,0x0000000083353c88,0x000000008ad80000)
 Metaspace       used 105477K, capacity 110988K, committed 111912K, reserved 1146880K
  class space    used 13669K, capacity 14768K, committed 15152K, reserved 1048576K
Event: 2637.794 GC heap after
Heap after GC invocations=22 (full 4):
 PSYoungGen      total 482304K, used 35832K [0x00000000d5580000, 0x00000000f8e80000, 0x0000000100000000)
  eden space 446464K, 0% used [0x00000000d5580000,0x00000000d5580000,0x00000000f0980000)
  from space 35840K, 99% used [0x00000000f4280000,0x00000000f657e0d8,0x00000000f6580000)
  to   space 58368K, 0% used [0x00000000f0980000,0x00000000f0980000,0x00000000f4280000)
 ParOldGen       total 177664K, used 99516K [0x0000000080000000, 0x000000008ad80000, 0x00000000d5580000)
  object space 177664K, 56% used [0x0000000080000000,0x000000008612f0e8,0x000000008ad80000)
 Metaspace       used 105477K, capacity 110988K, committed 111912K, reserved 1146880K
  class space    used 13669K, capacity 14768K, committed 15152K, reserved 1048576K
}
Event: 4635.494 GC heap before
{Heap before GC invocations=23 (full 4):
 PSYoungGen      total 482304K, used 482296K [0x00000000d5580000, 0x00000000f8e80000, 0x0000000100000000)
  eden space 446464K, 100% used [0x00000000d5580000,0x00000000f0980000,0x00000000f0980000)
  from space 35840K, 99% used [0x00000000f4280000,0x00000000f657e0d8,0x00000000f6580000)
  to   space 58368K, 0% used [0x00000000f0980000,0x00000000f0980000,0x00000000f4280000)
 ParOldGen       total 177664K, used 99516K [0x0000000080000000, 0x000000008ad80000, 0x00000000d5580000)
  object space 177664K, 56% used [0x0000000080000000,0x000000008612f0e8,0x000000008ad80000)
 Metaspace       used 106347K, capacity 112074K, committed 112680K, reserved 1146880K
  class space    used 13745K, capacity 14851K, committed 15152K, reserved 1048576K
Event: 4636.475 GC heap after
Heap after GC invocations=23 (full 4):
 PSYoungGen      total 504832K, used 18874K [0x00000000d5580000, 0x00000000fcc80000, 0x0000000100000000)
  eden space 446464K, 0% used [0x00000000d5580000,0x00000000d5580000,0x00000000f0980000)
  from space 58368K, 32% used [0x00000000f0980000,0x00000000f1bee820,0x00000000f4280000)
  to   space 55808K, 0% used [0x00000000f9600000,0x00000000f9600000,0x00000000fcc80000)
 ParOldGen       total 177664K, used 111142K [0x0000000080000000, 0x000000008ad80000, 0x00000000d5580000)
  object space 177664K, 62% used [0x0000000080000000,0x0000000086c89800,0x000000008ad80000)
 Metaspace       used 106347K, capacity 112074K, committed 112680K, reserved 1146880K
  class space    used 13745K, capacity 14851K, committed 15152K, reserved 1048576K
}

