# JRE version: OpenJDK Runtime Environment (8.0_242-b01) (build 1.8.0_242-release-1644-b01)
# Java VM: OpenJDK 64-Bit Server VM (25.242-b01 mixed mode windows-amd64 compressed oops)
Heap:
 PSYoungGen      total 256000K, used 120425K [0x00000000d5580000, 0x00000000eb700000, 0x0000000100000000)
  eden space 242176K, 44% used [0x00000000d5580000,0x00000000dbda05d8,0x00000000e4200000)
  from space 13824K, 99% used [0x00000000e4200000,0x00000000e4f79f10,0x00000000e4f80000)
  to   space 17408K, 0% used [0x00000000ea600000,0x00000000ea600000,0x00000000eb700000)
 ParOldGen       total 72192K, used 19269K [0x0000000080000000, 0x0000000084680000, 0x00000000d5580000)
  object space 72192K, 26% used [0x0000000080000000,0x00000000812d17d8,0x0000000084680000)
 Metaspace       used 54487K, capacity 56728K, committed 56872K, reserved 1097728K
  class space    used 7421K, capacity 7890K, committed 7984K, reserved 1048576K
GC Heap History (10 events):
Event: 2.537 GC heap before
{Heap before GC invocations=7 (full 1):
 PSYoungGen      total 140288K, used 4144K [0x00000000d5580000, 0x00000000de880000, 0x0000000100000000)
  eden space 130048K, 0% used [0x00000000d5580000,0x00000000d5580000,0x00000000dd480000)
  from space 10240K, 40% used [0x00000000dde80000,0x00000000de28c040,0x00000000de880000)
  to   space 10240K, 0% used [0x00000000dd480000,0x00000000dd480000,0x00000000dde80000)
 ParOldGen       total 87552K, used 10277K [0x0000000080000000, 0x0000000085580000, 0x00000000d5580000)
  object space 87552K, 11% used [0x0000000080000000,0x0000000080a09760,0x0000000085580000)
 Metaspace       used 20562K, capacity 21212K, committed 21296K, reserved 1067008K
  class space    used 2873K, capacity 3076K, committed 3120K, reserved 1048576K
Event: 2.559 GC heap after
Heap after GC invocations=7 (full 1):
 PSYoungGen      total 140288K, used 0K [0x00000000d5580000, 0x00000000de880000, 0x0000000100000000)
  eden space 130048K, 0% used [0x00000000d5580000,0x00000000d5580000,0x00000000dd480000)
  from space 10240K, 0% used [0x00000000dde80000,0x00000000dde80000,0x00000000de880000)
  to   space 10240K, 0% used [0x00000000dd480000,0x00000000dd480000,0x00000000dde80000)
 ParOldGen       total 51200K, used 8046K [0x0000000080000000, 0x0000000083200000, 0x00000000d5580000)
  object space 51200K, 15% used [0x0000000080000000,0x00000000807db8a0,0x0000000083200000)
 Metaspace       used 20562K, capacity 21212K, committed 21296K, reserved 1067008K
  class space    used 2873K, capacity 3076K, committed 3120K, reserved 1048576K
}
Event: 3.594 GC heap before
{Heap before GC invocations=8 (full 1):
 PSYoungGen      total 140288K, used 130048K [0x00000000d5580000, 0x00000000de880000, 0x0000000100000000)
  eden space 130048K, 100% used [0x00000000d5580000,0x00000000dd480000,0x00000000dd480000)
  from space 10240K, 0% used [0x00000000dde80000,0x00000000dde80000,0x00000000de880000)
  to   space 10240K, 0% used [0x00000000dd480000,0x00000000dd480000,0x00000000dde80000)
 ParOldGen       total 51200K, used 8046K [0x0000000080000000, 0x0000000083200000, 0x00000000d5580000)
  object space 51200K, 15% used [0x0000000080000000,0x00000000807db8a0,0x0000000083200000)
 Metaspace       used 32761K, capacity 33790K, committed 33968K, reserved 1079296K
  class space    used 4480K, capacity 4751K, committed 4784K, reserved 1048576K
Event: 3.606 GC heap after
Heap after GC invocations=8 (full 1):
 PSYoungGen      total 140288K, used 10231K [0x00000000d5580000, 0x00000000e5d80000, 0x0000000100000000)
  eden space 130048K, 0% used [0x00000000d5580000,0x00000000d5580000,0x00000000dd480000)
  from space 10240K, 99% used [0x00000000dd480000,0x00000000dde7dcb8,0x00000000dde80000)
  to   space 13824K, 0% used [0x00000000e5000000,0x00000000e5000000,0x00000000e5d80000)
 ParOldGen       total 51200K, used 11950K [0x0000000080000000, 0x0000000083200000, 0x00000000d5580000)
  object space 51200K, 23% used [0x0000000080000000,0x0000000080bab930,0x0000000083200000)
 Metaspace       used 32761K, capacity 33790K, committed 33968K, reserved 1079296K
  class space    used 4480K, capacity 4751K, committed 4784K, reserved 1048576K
}
Event: 3.797 GC heap before
{Heap before GC invocations=9 (full 1):
 PSYoungGen      total 140288K, used 42736K [0x00000000d5580000, 0x00000000e5d80000, 0x0000000100000000)
  eden space 130048K, 24% used [0x00000000d5580000,0x00000000d753e3d0,0x00000000dd480000)
  from space 10240K, 99% used [0x00000000dd480000,0x00000000dde7dcb8,0x00000000dde80000)
  to   space 13824K, 0% used [0x00000000e5000000,0x00000000e5000000,0x00000000e5d80000)
 ParOldGen       total 51200K, used 11950K [0x0000000080000000, 0x0000000083200000, 0x00000000d5580000)
  object space 51200K, 23% used [0x0000000080000000,0x0000000080bab930,0x0000000083200000)
 Metaspace       used 34282K, capacity 35408K, committed 35496K, reserved 1079296K
  class space    used 4720K, capacity 5003K, committed 5040K, reserved 1048576K
Event: 3.806 GC heap after
Heap after GC invocations=9 (full 1):
 PSYoungGen      total 255488K, used 8311K [0x00000000d5580000, 0x00000000e5d00000, 0x0000000100000000)
  eden space 242176K, 0% used [0x00000000d5580000,0x00000000d5580000,0x00000000e4200000)
  from space 13312K, 62% used [0x00000000e5000000,0x00000000e581dd20,0x00000000e5d00000)
  to   space 13824K, 0% used [0x00000000e4200000,0x00000000e4200000,0x00000000e4f80000)
 ParOldGen       total 51200K, used 11958K [0x0000000080000000, 0x0000000083200000, 0x00000000d5580000)
  object space 51200K, 23% used [0x0000000080000000,0x0000000080bad930,0x0000000083200000)
 Metaspace       used 34282K, capacity 35408K, committed 35496K, reserved 1079296K
  class space    used 4720K, capacity 5003K, committed 5040K, reserved 1048576K
}
Event: 3.806 GC heap before
{Heap before GC invocations=10 (full 2):
 PSYoungGen      total 255488K, used 8311K [0x00000000d5580000, 0x00000000e5d00000, 0x0000000100000000)
  eden space 242176K, 0% used [0x00000000d5580000,0x00000000d5580000,0x00000000e4200000)
  from space 13312K, 62% used [0x00000000e5000000,0x00000000e581dd20,0x00000000e5d00000)
  to   space 13824K, 0% used [0x00000000e4200000,0x00000000e4200000,0x00000000e4f80000)
 ParOldGen       total 51200K, used 11958K [0x0000000080000000, 0x0000000083200000, 0x00000000d5580000)
  object space 51200K, 23% used [0x0000000080000000,0x0000000080bad930,0x0000000083200000)
 Metaspace       used 34282K, capacity 35408K, committed 35496K, reserved 1079296K
  class space    used 4720K, capacity 5003K, committed 5040K, reserved 1048576K
Event: 3.873 GC heap after
Heap after GC invocations=10 (full 2):
 PSYoungGen      total 255488K, used 0K [0x00000000d5580000, 0x00000000e5d00000, 0x0000000100000000)
  eden space 242176K, 0% used [0x00000000d5580000,0x00000000d5580000,0x00000000e4200000)
  from space 13312K, 0% used [0x00000000e5000000,0x00000000e5000000,0x00000000e5d00000)
  to   space 13824K, 0% used [0x00000000e4200000,0x00000000e4200000,0x00000000e4f80000)
 ParOldGen       total 72192K, used 14650K [0x0000000080000000, 0x0000000084680000, 0x00000000d5580000)
  object space 72192K, 20% used [0x0000000080000000,0x0000000080e4e840,0x0000000084680000)
 Metaspace       used 34282K, capacity 35408K, committed 35496K, reserved 1079296K
  class space    used 4720K, capacity 5003K, committed 5040K, reserved 1048576K
}
Event: 5.182 GC heap before
{Heap before GC invocations=11 (full 2):
 PSYoungGen      total 255488K, used 242176K [0x00000000d5580000, 0x00000000e5d00000, 0x0000000100000000)
  eden space 242176K, 100% used [0x00000000d5580000,0x00000000e4200000,0x00000000e4200000)
  from space 13312K, 0% used [0x00000000e5000000,0x00000000e5000000,0x00000000e5d00000)
  to   space 13824K, 0% used [0x00000000e4200000,0x00000000e4200000,0x00000000e4f80000)
 ParOldGen       total 72192K, used 14650K [0x0000000080000000, 0x0000000084680000, 0x00000000d5580000)
  object space 72192K, 20% used [0x0000000080000000,0x0000000080e4e840,0x0000000084680000)
 Metaspace       used 45455K, capacity 47378K, committed 47528K, reserved 1089536K
  class space    used 6152K, capacity 6552K, committed 6576K, reserved 1048576K
Event: 5.196 GC heap after
Heap after GC invocations=11 (full 2):
 PSYoungGen      total 256000K, used 13799K [0x00000000d5580000, 0x00000000eb700000, 0x0000000100000000)
  eden space 242176K, 0% used [0x00000000d5580000,0x00000000d5580000,0x00000000e4200000)
  from space 13824K, 99% used [0x00000000e4200000,0x00000000e4f79f10,0x00000000e4f80000)
  to   space 17408K, 0% used [0x00000000ea600000,0x00000000ea600000,0x00000000eb700000)
 ParOldGen       total 72192K, used 19269K [0x0000000080000000, 0x0000000084680000, 0x00000000d5580000)
  object space 72192K, 26% used [0x0000000080000000,0x00000000812d17d8,0x0000000084680000)
 Metaspace       used 45455K, capacity 47378K, committed 47528K, reserved 1089536K
  class space    used 6152K, capacity 6552K, committed 6576K, reserved 1048576K
}

