# JRE version: OpenJDK Runtime Environment (8.0_242-b01) (build 1.8.0_242-release-1644-b01)
# Java VM: OpenJDK 64-Bit Server VM (25.242-b01 mixed mode windows-amd64 compressed oops)
Heap:
 PSYoungGen      total 290816K, used 258960K [0x00000000d5580000, 0x00000000e9d80000, 0x0000000100000000)
  eden space 269824K, 95% used [0x00000000d5580000,0x00000000e5264380,0x00000000e5d00000)
  from space 20992K, 0% used [0x00000000e7200000,0x00000000e7200000,0x00000000e8680000)
  to   space 21504K, 0% used [0x00000000e5d00000,0x00000000e5d00000,0x00000000e7200000)
 ParOldGen       total 63488K, used 31789K [0x0000000080000000, 0x0000000083e00000, 0x00000000d5580000)
  object space 63488K, 50% used [0x0000000080000000,0x0000000081f0b7c0,0x0000000083e00000)
 Metaspace       used 65714K, capacity 69290K, committed 69528K, reserved 1110016K
  class space    used 9109K, capacity 9816K, committed 9904K, reserved 1048576K
GC Heap History (10 events):
Event: 7.793 GC heap before
{Heap before GC invocations=11 (full 2):
 PSYoungGen      total 140288K, used 11090K [0x00000000d5580000, 0x00000000e3080000, 0x0000000100000000)
  eden space 128512K, 0% used [0x00000000d5580000,0x00000000d5580000,0x00000000dd300000)
  from space 11776K, 94% used [0x00000000dd300000,0x00000000dddd4b28,0x00000000dde80000)
  to   space 12800K, 0% used [0x00000000e2400000,0x00000000e2400000,0x00000000e3080000)
 ParOldGen       total 46080K, used 6671K [0x0000000080000000, 0x0000000082d00000, 0x00000000d5580000)
  object space 46080K, 14% used [0x0000000080000000,0x0000000080683fb0,0x0000000082d00000)
 Metaspace       used 34291K, capacity 35408K, committed 35496K, reserved 1079296K
  class space    used 4714K, capacity 5003K, committed 5040K, reserved 1048576K
Event: 7.870 GC heap after
Heap after GC invocations=11 (full 2):
 PSYoungGen      total 140288K, used 0K [0x00000000d5580000, 0x00000000e3080000, 0x0000000100000000)
  eden space 128512K, 0% used [0x00000000d5580000,0x00000000d5580000,0x00000000dd300000)
  from space 11776K, 0% used [0x00000000dd300000,0x00000000dd300000,0x00000000dde80000)
  to   space 12800K, 0% used [0x00000000e2400000,0x00000000e2400000,0x00000000e3080000)
 ParOldGen       total 63488K, used 17279K [0x0000000080000000, 0x0000000083e00000, 0x00000000d5580000)
  object space 63488K, 27% used [0x0000000080000000,0x00000000810dffb8,0x0000000083e00000)
 Metaspace       used 34291K, capacity 35408K, committed 35496K, reserved 1079296K
  class space    used 4714K, capacity 5003K, committed 5040K, reserved 1048576K
}
Event: 12.074 GC heap before
{Heap before GC invocations=12 (full 2):
 PSYoungGen      total 140288K, used 128512K [0x00000000d5580000, 0x00000000e3080000, 0x0000000100000000)
  eden space 128512K, 100% used [0x00000000d5580000,0x00000000dd300000,0x00000000dd300000)
  from space 11776K, 0% used [0x00000000dd300000,0x00000000dd300000,0x00000000dde80000)
  to   space 12800K, 0% used [0x00000000e2400000,0x00000000e2400000,0x00000000e3080000)
 ParOldGen       total 63488K, used 17279K [0x0000000080000000, 0x0000000083e00000, 0x00000000d5580000)
  object space 63488K, 27% used [0x0000000080000000,0x00000000810dffb8,0x0000000083e00000)
 Metaspace       used 38678K, capacity 40458K, committed 40616K, reserved 1083392K
  class space    used 5323K, capacity 5718K, committed 5808K, reserved 1048576K
Event: 12.084 GC heap after
Heap after GC invocations=12 (full 2):
 PSYoungGen      total 198144K, used 10173K [0x00000000d5580000, 0x00000000e2e00000, 0x0000000100000000)
  eden space 187904K, 0% used [0x00000000d5580000,0x00000000d5580000,0x00000000e0d00000)
  from space 10240K, 99% used [0x00000000e2400000,0x00000000e2def498,0x00000000e2e00000)
  to   space 13824K, 0% used [0x00000000e1300000,0x00000000e1300000,0x00000000e2080000)
 ParOldGen       total 63488K, used 17287K [0x0000000080000000, 0x0000000083e00000, 0x00000000d5580000)
  object space 63488K, 27% used [0x0000000080000000,0x00000000810e1fb8,0x0000000083e00000)
 Metaspace       used 38678K, capacity 40458K, committed 40616K, reserved 1083392K
  class space    used 5323K, capacity 5718K, committed 5808K, reserved 1048576K
}
Event: 14.428 GC heap before
{Heap before GC invocations=13 (full 2):
 PSYoungGen      total 198144K, used 198077K [0x00000000d5580000, 0x00000000e2e00000, 0x0000000100000000)
  eden space 187904K, 100% used [0x00000000d5580000,0x00000000e0d00000,0x00000000e0d00000)
  from space 10240K, 99% used [0x00000000e2400000,0x00000000e2def498,0x00000000e2e00000)
  to   space 13824K, 0% used [0x00000000e1300000,0x00000000e1300000,0x00000000e2080000)
 ParOldGen       total 63488K, used 17287K [0x0000000080000000, 0x0000000083e00000, 0x00000000d5580000)
  object space 63488K, 27% used [0x0000000080000000,0x00000000810e1fb8,0x0000000083e00000)
 Metaspace       used 55976K, capacity 58346K, committed 58664K, reserved 1099776K
  class space    used 7627K, capacity 8152K, committed 8240K, reserved 1048576K
Event: 14.456 GC heap after
Heap after GC invocations=13 (full 2):
 PSYoungGen      total 207872K, used 13806K [0x00000000d5580000, 0x00000000e8680000, 0x0000000100000000)
  eden space 194048K, 0% used [0x00000000d5580000,0x00000000d5580000,0x00000000e1300000)
  from space 13824K, 99% used [0x00000000e1300000,0x00000000e207b800,0x00000000e2080000)
  to   space 20992K, 0% used [0x00000000e7200000,0x00000000e7200000,0x00000000e8680000)
 ParOldGen       total 63488K, used 32974K [0x0000000080000000, 0x0000000083e00000, 0x00000000d5580000)
  object space 63488K, 51% used [0x0000000080000000,0x00000000820338d8,0x0000000083e00000)
 Metaspace       used 55976K, capacity 58346K, committed 58664K, reserved 1099776K
  class space    used 7627K, capacity 8152K, committed 8240K, reserved 1048576K
}
Event: 14.580 GC heap before
{Heap before GC invocations=14 (full 2):
 PSYoungGen      total 207872K, used 27682K [0x00000000d5580000, 0x00000000e8680000, 0x0000000100000000)
  eden space 194048K, 7% used [0x00000000d5580000,0x00000000d630d038,0x00000000e1300000)
  from space 13824K, 99% used [0x00000000e1300000,0x00000000e207b800,0x00000000e2080000)
  to   space 20992K, 0% used [0x00000000e7200000,0x00000000e7200000,0x00000000e8680000)
 ParOldGen       total 63488K, used 32974K [0x0000000080000000, 0x0000000083e00000, 0x00000000d5580000)
  object space 63488K, 51% used [0x0000000080000000,0x00000000820338d8,0x0000000083e00000)
 Metaspace       used 56494K, capacity 58948K, committed 59160K, reserved 1099776K
  class space    used 7699K, capacity 8235K, committed 8240K, reserved 1048576K
Event: 14.619 GC heap after
Heap after GC invocations=14 (full 2):
 PSYoungGen      total 290816K, used 1978K [0x00000000d5580000, 0x00000000e9d80000, 0x0000000100000000)
  eden space 269824K, 0% used [0x00000000d5580000,0x00000000d5580000,0x00000000e5d00000)
  from space 20992K, 9% used [0x00000000e7200000,0x00000000e73ee830,0x00000000e8680000)
  to   space 21504K, 0% used [0x00000000e5d00000,0x00000000e5d00000,0x00000000e7200000)
 ParOldGen       total 63488K, used 44551K [0x0000000080000000, 0x0000000083e00000, 0x00000000d5580000)
  object space 63488K, 70% used [0x0000000080000000,0x0000000082b81da0,0x0000000083e00000)
 Metaspace       used 56494K, capacity 58948K, committed 59160K, reserved 1099776K
  class space    used 7699K, capacity 8235K, committed 8240K, reserved 1048576K
}
Event: 14.619 GC heap before
{Heap before GC invocations=15 (full 3):
 PSYoungGen      total 290816K, used 1978K [0x00000000d5580000, 0x00000000e9d80000, 0x0000000100000000)
  eden space 269824K, 0% used [0x00000000d5580000,0x00000000d5580000,0x00000000e5d00000)
  from space 20992K, 9% used [0x00000000e7200000,0x00000000e73ee830,0x00000000e8680000)
  to   space 21504K, 0% used [0x00000000e5d00000,0x00000000e5d00000,0x00000000e7200000)
 ParOldGen       total 63488K, used 44551K [0x0000000080000000, 0x0000000083e00000, 0x00000000d5580000)
  object space 63488K, 70% used [0x0000000080000000,0x0000000082b81da0,0x0000000083e00000)
 Metaspace       used 56494K, capacity 58948K, committed 59160K, reserved 1099776K
  class space    used 7699K, capacity 8235K, committed 8240K, reserved 1048576K
Event: 14.945 GC heap after
Heap after GC invocations=15 (full 3):
 PSYoungGen      total 290816K, used 0K [0x00000000d5580000, 0x00000000e9d80000, 0x0000000100000000)
  eden space 269824K, 0% used [0x00000000d5580000,0x00000000d5580000,0x00000000e5d00000)
  from space 20992K, 0% used [0x00000000e7200000,0x00000000e7200000,0x00000000e8680000)
  to   space 21504K, 0% used [0x00000000e5d00000,0x00000000e5d00000,0x00000000e7200000)
 ParOldGen       total 63488K, used 31789K [0x0000000080000000, 0x0000000083e00000, 0x00000000d5580000)
  object space 63488K, 50% used [0x0000000080000000,0x0000000081f0b7c0,0x0000000083e00000)
 Metaspace       used 56447K, capacity 58786K, committed 59160K, reserved 1099776K
  class space    used 7684K, capacity 8208K, committed 8240K, reserved 1048576K
}

