# JRE version: OpenJDK Runtime Environment (8.0_242-b01) (build 1.8.0_242-release-1644-b01)
# Java VM: OpenJDK 64-Bit Server VM (25.242-b01 mixed mode windows-amd64 compressed oops)
Heap:
 PSYoungGen      total 238592K, used 109086K [0x00000000d5580000, 0x00000000e5300000, 0x0000000100000000)
  eden space 219648K, 44% used [0x00000000d5580000,0x00000000db4ef838,0x00000000e2c00000)
  from space 18944K, 59% used [0x00000000e4080000,0x00000000e4b982f8,0x00000000e5300000)
  to   space 19968K, 0% used [0x00000000e2c00000,0x00000000e2c00000,0x00000000e3f80000)
 ParOldGen       total 136704K, used 52478K [0x0000000080000000, 0x0000000088580000, 0x00000000d5580000)
  object space 136704K, 38% used [0x0000000080000000,0x000000008333fab8,0x0000000088580000)
 Metaspace       used 71419K, capacity 75528K, committed 75688K, reserved 1114112K
  class space    used 9840K, capacity 10602K, committed 10672K, reserved 1048576K
GC Heap History (10 events):
Event: 6.353 GC heap before
{Heap before GC invocations=13 (full 2):
 PSYoungGen      total 144896K, used 144645K [0x00000000d5580000, 0x00000000df700000, 0x0000000100000000)
  eden space 137216K, 100% used [0x00000000d5580000,0x00000000ddb80000,0x00000000ddb80000)
  from space 7680K, 96% used [0x00000000def80000,0x00000000df6c17b8,0x00000000df700000)
  to   space 11776K, 0% used [0x00000000de000000,0x00000000de000000,0x00000000deb80000)
 ParOldGen       total 86016K, used 14626K [0x0000000080000000, 0x0000000085400000, 0x00000000d5580000)
  object space 86016K, 17% used [0x0000000080000000,0x0000000080e48878,0x0000000085400000)
 Metaspace       used 50675K, capacity 52680K, committed 52776K, reserved 1095680K
  class space    used 6774K, capacity 7208K, committed 7216K, reserved 1048576K
Event: 6.368 GC heap after
Heap after GC invocations=13 (full 2):
 PSYoungGen      total 153600K, used 11746K [0x00000000d5580000, 0x00000000e2580000, 0x0000000100000000)
  eden space 141824K, 0% used [0x00000000d5580000,0x00000000d5580000,0x00000000de000000)
  from space 11776K, 99% used [0x00000000de000000,0x00000000deb78938,0x00000000deb80000)
  to   space 16896K, 0% used [0x00000000e1500000,0x00000000e1500000,0x00000000e2580000)
 ParOldGen       total 86016K, used 25521K [0x0000000080000000, 0x0000000085400000, 0x00000000d5580000)
  object space 86016K, 29% used [0x0000000080000000,0x00000000818ec5a0,0x0000000085400000)
 Metaspace       used 50675K, capacity 52680K, committed 52776K, reserved 1095680K
  class space    used 6774K, capacity 7208K, committed 7216K, reserved 1048576K
}
Event: 7.274 GC heap before
{Heap before GC invocations=14 (full 2):
 PSYoungGen      total 153600K, used 97210K [0x00000000d5580000, 0x00000000e2580000, 0x0000000100000000)
  eden space 141824K, 60% used [0x00000000d5580000,0x00000000da8f61b0,0x00000000de000000)
  from space 11776K, 99% used [0x00000000de000000,0x00000000deb78938,0x00000000deb80000)
  to   space 16896K, 0% used [0x00000000e1500000,0x00000000e1500000,0x00000000e2580000)
 ParOldGen       total 86016K, used 25521K [0x0000000080000000, 0x0000000085400000, 0x00000000d5580000)
  object space 86016K, 29% used [0x0000000080000000,0x00000000818ec5a0,0x0000000085400000)
 Metaspace       used 56707K, capacity 59080K, committed 59160K, reserved 1099776K
  class space    used 7753K, capacity 8303K, committed 8368K, reserved 1048576K
Event: 7.321 GC heap after
Heap after GC invocations=14 (full 2):
 PSYoungGen      total 196096K, used 11182K [0x00000000d5580000, 0x00000000e3380000, 0x0000000100000000)
  eden space 179200K, 0% used [0x00000000d5580000,0x00000000d5580000,0x00000000e0480000)
  from space 16896K, 66% used [0x00000000e1500000,0x00000000e1feba70,0x00000000e2580000)
  to   space 16896K, 0% used [0x00000000e0480000,0x00000000e0480000,0x00000000e1500000)
 ParOldGen       total 86016K, used 33454K [0x0000000080000000, 0x0000000085400000, 0x00000000d5580000)
  object space 86016K, 38% used [0x0000000080000000,0x00000000820abb80,0x0000000085400000)
 Metaspace       used 56707K, capacity 59080K, committed 59160K, reserved 1099776K
  class space    used 7753K, capacity 8303K, committed 8368K, reserved 1048576K
}
Event: 7.321 GC heap before
{Heap before GC invocations=15 (full 3):
 PSYoungGen      total 196096K, used 11182K [0x00000000d5580000, 0x00000000e3380000, 0x0000000100000000)
  eden space 179200K, 0% used [0x00000000d5580000,0x00000000d5580000,0x00000000e0480000)
  from space 16896K, 66% used [0x00000000e1500000,0x00000000e1feba70,0x00000000e2580000)
  to   space 16896K, 0% used [0x00000000e0480000,0x00000000e0480000,0x00000000e1500000)
 ParOldGen       total 86016K, used 33454K [0x0000000080000000, 0x0000000085400000, 0x00000000d5580000)
  object space 86016K, 38% used [0x0000000080000000,0x00000000820abb80,0x0000000085400000)
 Metaspace       used 56707K, capacity 59080K, committed 59160K, reserved 1099776K
  class space    used 7753K, capacity 8303K, committed 8368K, reserved 1048576K
Event: 7.531 GC heap after
Heap after GC invocations=15 (full 3):
 PSYoungGen      total 196096K, used 0K [0x00000000d5580000, 0x00000000e3380000, 0x0000000100000000)
  eden space 179200K, 0% used [0x00000000d5580000,0x00000000d5580000,0x00000000e0480000)
  from space 16896K, 0% used [0x00000000e1500000,0x00000000e1500000,0x00000000e2580000)
  to   space 16896K, 0% used [0x00000000e0480000,0x00000000e0480000,0x00000000e1500000)
 ParOldGen       total 136704K, used 36177K [0x0000000080000000, 0x0000000088580000, 0x00000000d5580000)
  object space 136704K, 26% used [0x0000000080000000,0x0000000082354760,0x0000000088580000)
 Metaspace       used 56660K, capacity 58924K, committed 59160K, reserved 1099776K
  class space    used 7739K, capacity 8277K, committed 8368K, reserved 1048576K
}
Event: 9.115 GC heap before
{Heap before GC invocations=16 (full 3):
 PSYoungGen      total 196096K, used 179200K [0x00000000d5580000, 0x00000000e3380000, 0x0000000100000000)
  eden space 179200K, 100% used [0x00000000d5580000,0x00000000e0480000,0x00000000e0480000)
  from space 16896K, 0% used [0x00000000e1500000,0x00000000e1500000,0x00000000e2580000)
  to   space 16896K, 0% used [0x00000000e0480000,0x00000000e0480000,0x00000000e1500000)
 ParOldGen       total 136704K, used 36177K [0x0000000080000000, 0x0000000088580000, 0x00000000d5580000)
  object space 136704K, 26% used [0x0000000080000000,0x0000000082354760,0x0000000088580000)
 Metaspace       used 65086K, capacity 68770K, committed 69032K, reserved 1107968K
  class space    used 9078K, capacity 9814K, committed 9904K, reserved 1048576K
Event: 9.132 GC heap after
Heap after GC invocations=16 (full 3):
 PSYoungGen      total 196096K, used 16875K [0x00000000d5580000, 0x00000000e5480000, 0x0000000100000000)
  eden space 179200K, 0% used [0x00000000d5580000,0x00000000d5580000,0x00000000e0480000)
  from space 16896K, 99% used [0x00000000e0480000,0x00000000e14fac00,0x00000000e1500000)
  to   space 20480K, 0% used [0x00000000e4080000,0x00000000e4080000,0x00000000e5480000)
 ParOldGen       total 136704K, used 38845K [0x0000000080000000, 0x0000000088580000, 0x00000000d5580000)
  object space 136704K, 28% used [0x0000000080000000,0x00000000825ef4b8,0x0000000088580000)
 Metaspace       used 65086K, capacity 68770K, committed 69032K, reserved 1107968K
  class space    used 9078K, capacity 9814K, committed 9904K, reserved 1048576K
}
Event: 10.832 GC heap before
{Heap before GC invocations=17 (full 3):
 PSYoungGen      total 196096K, used 196075K [0x00000000d5580000, 0x00000000e5480000, 0x0000000100000000)
  eden space 179200K, 100% used [0x00000000d5580000,0x00000000e0480000,0x00000000e0480000)
  from space 16896K, 99% used [0x00000000e0480000,0x00000000e14fac00,0x00000000e1500000)
  to   space 20480K, 0% used [0x00000000e4080000,0x00000000e4080000,0x00000000e5480000)
 ParOldGen       total 136704K, used 38845K [0x0000000080000000, 0x0000000088580000, 0x00000000d5580000)
  object space 136704K, 28% used [0x0000000080000000,0x00000000825ef4b8,0x0000000088580000)
 Metaspace       used 66238K, capacity 70042K, committed 70312K, reserved 1110016K
  class space    used 9149K, capacity 9874K, committed 9904K, reserved 1048576K
Event: 10.864 GC heap after
Heap after GC invocations=17 (full 3):
 PSYoungGen      total 238592K, used 11360K [0x00000000d5580000, 0x00000000e5300000, 0x0000000100000000)
  eden space 219648K, 0% used [0x00000000d5580000,0x00000000d5580000,0x00000000e2c00000)
  from space 18944K, 59% used [0x00000000e4080000,0x00000000e4b982f8,0x00000000e5300000)
  to   space 19968K, 0% used [0x00000000e2c00000,0x00000000e2c00000,0x00000000e3f80000)
 ParOldGen       total 136704K, used 52478K [0x0000000080000000, 0x0000000088580000, 0x00000000d5580000)
  object space 136704K, 38% used [0x0000000080000000,0x000000008333fab8,0x0000000088580000)
 Metaspace       used 66238K, capacity 70042K, committed 70312K, reserved 1110016K
  class space    used 9149K, capacity 9874K, committed 9904K, reserved 1048576K
}

